{
  "RSpec": {
    "coverage": {
      "/Users/joshualing/Documents/projects/quiz-us-server/spec/graphql/mutations/teachers/create_assignments_spec.rb": [
        null,
        null,
        1,
        null,
        1,
        3,
        3,
        1,
        2,
        null,
        null,
        null,
        null,
        null,
        null,
        null,
        null,
        null,
        null,
        null,
        null,
        null,
        null,
        null,
        null,
        null,
        null,
        null,
        null,
        null,
        null,
        null,
        null,
        null,
        1,
        null,
        2,
        null,
        null,
        null,
        null,
        null,
        1,
        1,
        1,
        null,
        1,
        null,
        null,
        null,
        1,
        2,
        1,
        null,
        1,
        null,
        null,
        1,
        1,
        null,
        1,
        1,
        null,
        null,
        null
      ],
      "/Users/joshualing/Documents/projects/quiz-us-server/spec/rails_helper.rb": [
        null,
        null,
        null,
        1,
        1,
        1,
        null,
        1,
        1,
        null,
        null,
        null,
        null,
        null,
        null,
        null,
        null,
        null,
        null,
        null,
        null,
        null,
        null,
        null,
        null,
        null,
        null,
        null,
        null,
        1,
        null,
        0,
        0,
        null,
        1,
        null,
        1,
        null,
        null,
        null,
        null,
        1,
        null,
        null,
        null,
        null,
        null,
        null,
        null,
        null,
        null,
        null,
        null,
        null,
        null,
        null,
        1,
        null,
        null,
        1,
        null,
        null,
        null,
        1,
        1,
        1,
        1,
        null,
        null,
        null,
        1,
        null
      ],
      "/Users/joshualing/Documents/projects/quiz-us-server/config/environment.rb": [
        null,
        null,
        null,
        1,
        null,
        null,
        1
      ],
      "/Users/joshualing/Documents/projects/quiz-us-server/config/application.rb": [
        null,
        null,
        1,
        null,
        1,
        null,
        1,
        1,
        1,
        1,
        1,
        1,
        1,
        1,
        1,
        1,
        null,
        null,
        null,
        1,
        null,
        1,
        1,
        null,
        1,
        null,
        null,
        null,
        null,
        null,
        null,
        null,
        null,
        null,
        1,
        null,
        1,
        1,
        1,
        1,
        1,
        null,
        null,
        null
      ],
      "/Users/joshualing/Documents/projects/quiz-us-server/config/boot.rb": [
        1,
        null,
        1,
        1
      ],
      "/Users/joshualing/Documents/projects/quiz-us-server/config/environments/test.rb": [
        1,
        null,
        null,
        null,
        null,
        null,
        null,
        1,
        null,
        null,
        null,
        null,
        1,
        null,
        null,
        1,
        1,
        null,
        null,
        null,
        null,
        1,
        1,
        null,
        null,
        1,
        null,
        null,
        1,
        null,
        null,
        1,
        null,
        1,
        null,
        null,
        null,
        null,
        1,
        null,
        null,
        1,
        null,
        null,
        null,
        null
      ],
      "/Users/joshualing/Documents/projects/quiz-us-server/config/initializers/application_controller_renderer.rb": [
        null,
        null,
        null,
        null,
        null,
        null,
        null,
        null
      ],
      "/Users/joshualing/Documents/projects/quiz-us-server/config/initializers/backtrace_silencers.rb": [
        null,
        null,
        null,
        null,
        null,
        null,
        null
      ],
      "/Users/joshualing/Documents/projects/quiz-us-server/config/initializers/cors.rb": [
        null,
        null,
        null,
        null,
        null,
        null,
        null,
        null,
        null,
        1,
        1,
        1,
        1,
        null,
        null,
        null,
        null,
        null,
        null
      ],
      "/Users/joshualing/Documents/projects/quiz-us-server/config/initializers/devise.rb": [
        null,
        null,
        null,
        null,
        1,
        null,
        null,
        null,
        null,
        null,
        null,
        null,
        null,
        null,
        null,
        null,
        null,
        null,
        null,
        null,
        1,
        null,
        null,
        null,
        null,
        null,
        null,
        null,
        null,
        null,
        null,
        null,
        1,
        null,
        null,
        null,
        null,
        null,
        null,
        null,
        null,
        null,
        null,
        null,
        null,
        null,
        null,
        null,
        null,
        null,
        null,
        null,
        null,
        null,
        1,
        null,
        null,
        null,
        null,
        1,
        null,
        null,
        null,
        null,
        null,
        null,
        null,
        null,
        null,
        null,
        null,
        null,
        null,
        null,
        null,
        null,
        null,
        null,
        null,
        null,
        null,
        null,
        null,
        null,
        null,
        null,
        null,
        null,
        null,
        null,
        1,
        null,
        null,
        null,
        null,
        null,
        null,
        null,
        null,
        null,
        null,
        null,
        null,
        null,
        null,
        null,
        null,
        null,
        null,
        null,
        null,
        null,
        null,
        1,
        null,
        null,
        null,
        null,
        null,
        null,
        null,
        null,
        null,
        null,
        null,
        null,
        null,
        null,
        null,
        null,
        null,
        null,
        null,
        null,
        null,
        null,
        null,
        null,
        null,
        null,
        null,
        null,
        null,
        null,
        null,
        null,
        null,
        1,
        null,
        null,
        null,
        null,
        null,
        null,
        null,
        null,
        null,
        1,
        null,
        null,
        null,
        null,
        null,
        null,
        null,
        null,
        null,
        null,
        1,
        null,
        null,
        null,
        null,
        1,
        null,
        null,
        null,
        null,
        null,
        null,
        null,
        null,
        null,
        null,
        null,
        null,
        null,
        null,
        null,
        null,
        null,
        null,
        null,
        null,
        null,
        null,
        null,
        null,
        null,
        null,
        null,
        null,
        null,
        null,
        null,
        null,
        null,
        null,
        null,
        null,
        null,
        null,
        null,
        null,
        1,
        null,
        null,
        null,
        null,
        null,
        null,
        null,
        null,
        null,
        null,
        null,
        null,
        null,
        null,
        null,
        null,
        null,
        null,
        null,
        null,
        null,
        null,
        null,
        null,
        null,
        null,
        null,
        null,
        null,
        null,
        null,
        null,
        null,
        null,
        null,
        null,
        null,
        null,
        null,
        null,
        null,
        1,
        null,
        null,
        null,
        null,
        null,
        null,
        null,
        null,
        null,
        null,
        null,
        null,
        null,
        null,
        null,
        null,
        null,
        null,
        null,
        null,
        null,
        null,
        null,
        null,
        null,
        null,
        null,
        null,
        null,
        null,
        null,
        null,
        null,
        null,
        null,
        null,
        null,
        null,
        null,
        null,
        null,
        null,
        1,
        1,
        1,
        null,
        null,
        1,
        null,
        null,
        1,
        null,
        null,
        1,
        null
      ],
      "/Users/joshualing/Documents/projects/quiz-us-server/config/initializers/filter_parameter_logging.rb": [
        null,
        null,
        null,
        1
      ],
      "/Users/joshualing/Documents/projects/quiz-us-server/config/initializers/inflections.rb": [
        null,
        null,
        null,
        null,
        null,
        null,
        null,
        null,
        null,
        null,
        null,
        null,
        null,
        null,
        null,
        null
      ],
      "/Users/joshualing/Documents/projects/quiz-us-server/config/initializers/mime_types.rb": [
        null,
        null,
        null,
        null
      ],
      "/Users/joshualing/Documents/projects/quiz-us-server/config/initializers/new_framework_defaults.rb": [
        null,
        null,
        null,
        null,
        null,
        null,
        null,
        null,
        null,
        null,
        1,
        null,
        null,
        1,
        null,
        null,
        1
      ],
      "/Users/joshualing/Documents/projects/quiz-us-server/config/initializers/new_framework_defaults_5_2.rb": [
        null,
        null,
        null,
        null,
        null,
        null,
        null,
        null,
        null,
        null,
        null,
        null,
        1,
        null,
        null,
        null,
        null,
        null,
        null,
        null,
        null,
        1,
        null,
        null,
        null,
        1,
        null,
        null,
        null,
        1,
        null,
        null,
        null,
        1,
        null,
        null,
        1,
        null,
        null,
        1
      ],
      "/Users/joshualing/Documents/projects/quiz-us-server/config/initializers/rollbar.rb": [
        null,
        null,
        1,
        null,
        null,
        null,
        1,
        null,
        null,
        1,
        null,
        null,
        null,
        null,
        null,
        null,
        null,
        null,
        null,
        null,
        null,
        null,
        null,
        null,
        null,
        null,
        null,
        null,
        null,
        null,
        null,
        null,
        null,
        null,
        null,
        null,
        null,
        null,
        null,
        null,
        null,
        null,
        null,
        null,
        null,
        null,
        null,
        null,
        null,
        null,
        null,
        null,
        null,
        null,
        null,
        null,
        null,
        null,
        null,
        null,
        null,
        null,
        null,
        null,
        null,
        null,
        null,
        null,
        null,
        1,
        null
      ],
      "/Users/joshualing/Documents/projects/quiz-us-server/config/initializers/wrap_parameters.rb": [
        null,
        null,
        null,
        null,
        null,
        null,
        1,
        1,
        null,
        null,
        null,
        null,
        null,
        null
      ],
      "/Users/joshualing/Documents/projects/quiz-us-server/spec/factories/courses.rb": [
        null,
        null,
        null,
        null,
        null,
        null,
        null,
        null,
        null,
        null,
        null,
        null,
        null,
        null,
        1,
        1,
        1,
        1,
        null,
        null
      ],
      "/Users/joshualing/Documents/projects/quiz-us-server/spec/factories/decks.rb": [
        null,
        null,
        null,
        null,
        null,
        null,
        null,
        null,
        null,
        null,
        null,
        null,
        null,
        null,
        null,
        1,
        1,
        1,
        9,
        null,
        null
      ],
      "/Users/joshualing/Documents/projects/quiz-us-server/spec/factories/decks_questions.rb": [
        null,
        null,
        null,
        null,
        null,
        null,
        null,
        null,
        null,
        null,
        null,
        null,
        null,
        null,
        null,
        null,
        null,
        null,
        1,
        1,
        1,
        1,
        null,
        null
      ],
      "/Users/joshualing/Documents/projects/quiz-us-server/spec/factories/enrollments.rb": [
        null,
        null,
        null,
        null,
        null,
        null,
        null,
        null,
        null,
        null,
        null,
        1,
        1,
        1,
        1,
        null,
        null
      ],
      "/Users/joshualing/Documents/projects/quiz-us-server/spec/factories/periods.rb": [
        null,
        null,
        null,
        null,
        null,
        null,
        null,
        null,
        null,
        null,
        null,
        null,
        null,
        1,
        1,
        1,
        8,
        null,
        null
      ],
      "/Users/joshualing/Documents/projects/quiz-us-server/spec/factories/questions.rb": [
        null,
        null,
        null,
        null,
        null,
        null,
        null,
        null,
        null,
        null,
        null,
        null,
        null,
        null,
        1,
        1,
        null,
        null
      ],
      "/Users/joshualing/Documents/projects/quiz-us-server/spec/factories/standards.rb": [
        null,
        null,
        null,
        null,
        null,
        null,
        null,
        null,
        null,
        null,
        null,
        null,
        null,
        null,
        null,
        1,
        1,
        11,
        11,
        1,
        null,
        null
      ],
      "/Users/joshualing/Documents/projects/quiz-us-server/spec/factories/standards_categories.rb": [
        null,
        null,
        null,
        null,
        null,
        null,
        null,
        null,
        null,
        null,
        null,
        null,
        null,
        null,
        1,
        1,
        17,
        17,
        1,
        null,
        null
      ],
      "/Users/joshualing/Documents/projects/quiz-us-server/spec/factories/standards_charts.rb": [
        null,
        null,
        null,
        null,
        null,
        null,
        null,
        null,
        null,
        null,
        null,
        null,
        1,
        1,
        27,
        null,
        null
      ],
      "/Users/joshualing/Documents/projects/quiz-us-server/spec/factories/students.rb": [
        null,
        null,
        null,
        null,
        null,
        null,
        null,
        null,
        null,
        null,
        null,
        null,
        null,
        null,
        null,
        null,
        null,
        null,
        null,
        1,
        1,
        14,
        14,
        14,
        14,
        null,
        null
      ],
      "/Users/joshualing/Documents/projects/quiz-us-server/spec/factories/teachers.rb": [
        null,
        null,
        null,
        null,
        null,
        null,
        null,
        null,
        null,
        null,
        null,
        null,
        null,
        null,
        null,
        null,
        null,
        null,
        1,
        1,
        12,
        12,
        null,
        null
      ],
      "/Users/joshualing/Documents/projects/quiz-us-server/config/routes.rb": [
        null,
        null,
        1,
        1,
        1,
        null,
        null,
        null,
        1,
        0,
        null,
        null,
        null,
        null,
        null,
        1,
        null
      ],
      "/Users/joshualing/Documents/projects/quiz-us-server/app/models/student.rb": [
        null,
        null,
        null,
        null,
        null,
        null,
        null,
        null,
        null,
        null,
        null,
        null,
        null,
        null,
        null,
        null,
        null,
        null,
        null,
        null,
        1,
        1,
        1,
        null,
        null,
        1,
        null,
        null,
        null,
        1,
        null,
        null,
        1,
        1,
        1,
        null,
        1,
        1,
        null,
        1,
        null,
        1,
        null,
        null,
        1,
        1,
        null,
        1,
        13,
        null,
        null
      ],
      "/Users/joshualing/Documents/projects/quiz-us-server/app/models/application_record.rb": [
        1,
        1,
        null
      ],
      "/Users/joshualing/Documents/projects/quiz-us-server/app/concerns/tokenizable.rb": [
        null,
        null,
        1,
        null,
        1,
        1,
        null,
        1,
        2,
        0,
        null,
        null,
        0,
        null,
        null,
        2,
        0,
        null,
        null,
        null,
        1,
        0,
        null,
        null,
        1,
        0,
        null,
        null,
        1,
        null,
        0,
        null,
        null,
        null,
        null
      ],
      "/Users/joshualing/Documents/projects/quiz-us-server/app/models/teacher.rb": [
        null,
        null,
        null,
        null,
        null,
        null,
        null,
        null,
        null,
        null,
        null,
        null,
        null,
        null,
        null,
        null,
        null,
        1,
        1,
        1,
        null,
        null,
        null,
        1,
        null,
        null,
        1,
        1,
        1,
        1,
        1,
        1,
        1,
        1,
        1,
        null
      ],
      "/Users/joshualing/Documents/projects/quiz-us-server/spec/graphql/mutations/teachers/create_period_spec.rb": [
        null,
        null,
        1,
        null,
        1,
        2,
        2,
        1,
        null,
        1,
        null,
        null,
        1,
        1,
        null,
        null,
        null,
        null,
        null,
        null,
        null,
        1,
        1,
        null,
        1,
        1,
        null,
        null
      ],
      "/Users/joshualing/Documents/projects/quiz-us-server/spec/graphql/mutations/teachers/delete_period_spec.rb": [
        null,
        null,
        1,
        2,
        2,
        2,
        1,
        null,
        1,
        null,
        null,
        1,
        1,
        null,
        null,
        null,
        null,
        null,
        null,
        null,
        null,
        1,
        null,
        null,
        null,
        1,
        1,
        1,
        null,
        null
      ],
      "/Users/joshualing/Documents/projects/quiz-us-server/spec/graphql/mutations/teachers/edit_period_spec.rb": [
        null,
        null,
        1,
        null,
        1,
        2,
        2,
        2,
        1,
        null,
        1,
        null,
        null,
        null,
        1,
        1,
        null,
        null,
        null,
        null,
        null,
        null,
        null,
        1,
        1,
        null,
        null,
        null,
        1,
        1,
        1,
        null,
        null
      ],
      "/Users/joshualing/Documents/projects/quiz-us-server/spec/models/assignment_spec.rb": [
        null,
        null,
        null,
        null,
        null,
        null,
        null,
        null,
        null,
        null,
        null,
        null,
        null,
        null,
        null,
        null,
        1,
        null,
        1,
        1,
        2,
        2,
        1,
        1,
        null,
        null,
        null,
        null,
        null,
        1,
        2,
        2,
        null,
        null
      ],
      "/Users/joshualing/Documents/projects/quiz-us-server/app/models/assignment.rb": [
        null,
        null,
        null,
        null,
        null,
        null,
        null,
        null,
        null,
        null,
        null,
        null,
        null,
        null,
        null,
        1,
        1,
        1,
        null,
        2,
        null,
        null,
        null,
        1,
        null,
        1,
        0,
        null,
        null,
        null,
        null,
        null,
        null,
        null,
        1,
        0,
        null,
        null
      ],
      "/Users/joshualing/Documents/projects/quiz-us-server/spec/models/course_spec.rb": [
        null,
        null,
        null,
        null,
        null,
        null,
        null,
        null,
        null,
        null,
        null,
        null,
        null,
        null,
        null,
        1,
        null,
        1,
        1,
        2,
        2,
        2,
        2,
        2,
        2,
        null,
        null
      ],
      "/Users/joshualing/Documents/projects/quiz-us-server/app/models/course.rb": [
        null,
        null,
        null,
        null,
        null,
        null,
        null,
        null,
        null,
        null,
        null,
        null,
        null,
        null,
        1,
        1,
        1,
        1,
        1,
        1,
        1,
        null
      ],
      "/Users/joshualing/Documents/projects/quiz-us-server/spec/models/deck_spec.rb": [
        null,
        null,
        null,
        null,
        null,
        null,
        null,
        null,
        null,
        null,
        null,
        null,
        null,
        null,
        null,
        null,
        1,
        null,
        1,
        1,
        2,
        1,
        1,
        null,
        2,
        2,
        null,
        null,
        1,
        1,
        1,
        null,
        null,
        null
      ],
      "/Users/joshualing/Documents/projects/quiz-us-server/app/models/deck.rb": [
        null,
        null,
        null,
        null,
        null,
        null,
        null,
        null,
        null,
        null,
        null,
        null,
        null,
        null,
        null,
        1,
        1,
        null,
        1,
        1,
        1,
        null,
        1,
        null
      ],
      "/Users/joshualing/Documents/projects/quiz-us-server/spec/models/decks_question_spec.rb": [
        null,
        null,
        null,
        null,
        null,
        null,
        null,
        null,
        null,
        null,
        null,
        null,
        null,
        null,
        null,
        null,
        null,
        null,
        null,
        1,
        null,
        1,
        7,
        2,
        1,
        2,
        2,
        null,
        null,
        1,
        2,
        2,
        1,
        1,
        null,
        null,
        null,
        null
      ],
      "/Users/joshualing/Documents/projects/quiz-us-server/app/models/decks_question.rb": [
        null,
        null,
        null,
        null,
        null,
        null,
        null,
        null,
        null,
        null,
        null,
        null,
        null,
        null,
        null,
        null,
        null,
        null,
        1,
        1,
        1,
        1,
        null,
        1,
        1,
        null
      ],
      "/Users/joshualing/Documents/projects/quiz-us-server/spec/models/enrollment_spec.rb": [
        null,
        null,
        null,
        null,
        null,
        null,
        null,
        null,
        null,
        null,
        null,
        1,
        null,
        1,
        6,
        1,
        2,
        2,
        null,
        null,
        1,
        1,
        1,
        null,
        2,
        2,
        null,
        null
      ],
      "/Users/joshualing/Documents/projects/quiz-us-server/app/models/enrollment.rb": [
        null,
        null,
        null,
        null,
        null,
        null,
        null,
        null,
        null,
        null,
        null,
        null,
        1,
        1,
        1,
        1,
        1,
        null
      ],
      "/Users/joshualing/Documents/projects/quiz-us-server/spec/models/period_spec.rb": [
        null,
        null,
        null,
        null,
        null,
        null,
        null,
        null,
        null,
        null,
        null,
        null,
        null,
        1,
        null,
        1,
        2,
        1,
        2,
        2,
        2,
        2,
        null,
        null
      ],
      "/Users/joshualing/Documents/projects/quiz-us-server/app/models/period.rb": [
        null,
        null,
        null,
        null,
        null,
        null,
        null,
        null,
        null,
        null,
        null,
        null,
        null,
        1,
        1,
        1,
        1,
        1,
        1,
        null
      ],
      "/Users/joshualing/Documents/projects/quiz-us-server/spec/models/standard_spec.rb": [
        null,
        null,
        null,
        null,
        null,
        null,
        null,
        null,
        null,
        null,
        null,
        null,
        null,
        null,
        null,
        1,
        null,
        1,
        11,
        1,
        2,
        2,
        2,
        2,
        null,
        null,
        1,
        2,
        2,
        2,
        1,
        1,
        null,
        null,
        null,
        1,
        2,
        1,
        1,
        1,
        null,
        null,
        null
      ],
      "/Users/joshualing/Documents/projects/quiz-us-server/app/models/standard.rb": [
        null,
        null,
        null,
        null,
        null,
        null,
        null,
        null,
        null,
        null,
        null,
        null,
        null,
        null,
        null,
        1,
        1,
        1,
        null,
        1,
        1,
        1,
        null,
        1,
        1,
        null
      ],
      "/Users/joshualing/Documents/projects/quiz-us-server/spec/models/standards_category_spec.rb": [
        null,
        null,
        null,
        null,
        null,
        null,
        null,
        null,
        null,
        null,
        null,
        null,
        null,
        null,
        1,
        null,
        1,
        7,
        1,
        2,
        2,
        null,
        null,
        1,
        2,
        2,
        2,
        1,
        1,
        null,
        null,
        null
      ],
      "/Users/joshualing/Documents/projects/quiz-us-server/app/models/standards_category.rb": [
        null,
        null,
        null,
        null,
        null,
        null,
        null,
        null,
        null,
        null,
        null,
        null,
        null,
        null,
        null,
        1,
        1,
        1,
        null,
        1,
        1,
        null
      ],
      "/Users/joshualing/Documents/projects/quiz-us-server/spec/models/standards_chart_spec.rb": [
        null,
        null,
        null,
        null,
        null,
        null,
        null,
        null,
        null,
        null,
        null,
        null,
        1,
        null,
        1,
        1,
        2,
        2,
        2,
        null,
        null
      ],
      "/Users/joshualing/Documents/projects/quiz-us-server/app/models/standards_chart.rb": [
        null,
        null,
        null,
        null,
        null,
        null,
        null,
        null,
        null,
        null,
        null,
        null,
        1,
        1,
        1,
        1,
        null
      ],
      "/Users/joshualing/Documents/projects/quiz-us-server/spec/models/token_spec.rb": [
        null,
        null,
        null,
        null,
        null,
        null,
        null,
        null,
        null,
        null,
        null,
        null,
        null,
        null,
        1,
        null,
        1,
        1,
        2,
        null,
        null,
        1,
        2,
        2,
        null,
        null
      ],
      "/Users/joshualing/Documents/projects/quiz-us-server/app/models/token.rb": [
        null,
        null,
        null,
        null,
        null,
        null,
        null,
        null,
        null,
        null,
        null,
        null,
        null,
        null,
        1,
        1,
        1,
        null,
        1,
        null,
        1,
        0,
        null,
        0,
        null,
        0,
        null,
        0,
        null,
        null,
        1,
        0,
        null,
        0,
        0,
        0,
        null,
        null,
        1,
        0,
        null,
        null,
        1,
        3,
        null,
        null
      ],
      "/Users/joshualing/Documents/projects/quiz-us-server/spec/services/create_question_service_spec.rb": [
        null,
        null,
        1,
        1,
        null,
        1,
        3,
        3,
        3,
        1,
        2,
        null,
        3,
        null,
        null,
        null,
        null,
        null,
        null,
        null,
        null,
        null,
        null,
        null,
        null,
        null,
        null,
        null,
        null,
        null,
        null,
        null,
        null,
        null,
        null,
        1,
        1,
        null,
        1,
        null,
        1,
        null,
        null,
        null,
        null,
        null,
        null,
        null,
        null,
        null,
        null,
        null,
        null,
        1,
        2,
        2,
        2,
        2,
        null,
        null,
        1,
        1,
        1,
        1,
        1,
        null,
        null,
        1,
        1,
        1,
        1,
        null,
        null,
        null,
        null,
        null
      ],
      "/Users/joshualing/Documents/projects/quiz-us-server/app/services/create_question_service.rb": [
        null,
        null,
        1,
        null,
        null,
        null,
        1,
        1,
        1,
        null,
        1,
        2,
        2,
        2,
        2,
        2,
        2,
        2,
        2,
        null,
        null,
        1,
        null,
        2,
        2,
        1,
        1,
        1,
        1,
        null,
        null,
        null,
        1,
        null,
        1,
        null,
        null,
        null,
        2,
        1,
        null,
        null,
        null,
        null,
        null,
        null,
        1,
        3,
        3,
        3,
        2,
        null,
        2,
        2,
        null,
        null,
        1,
        3,
        null,
        3,
        null,
        3,
        3,
        3,
        null,
        2,
        2,
        2,
        null,
        2,
        null,
        2,
        2,
        null,
        null,
        2,
        null,
        null,
        2,
        2,
        2,
        2,
        null,
        null,
        1,
        1,
        2,
        2,
        null,
        null,
        null,
        1,
        1,
        null,
        null,
        null,
        null,
        1,
        1,
        1,
        1,
        1,
        1,
        null,
        null,
        null,
        null,
        null,
        null,
        null,
        null,
        null
      ],
      "/Users/joshualing/Documents/projects/quiz-us-server/app/concerns/callable.rb": [
        null,
        null,
        null,
        1,
        1,
        null,
        1,
        1,
        0,
        null,
        null,
        null
      ],
      "/Users/joshualing/Documents/projects/quiz-us-server/app/graphql/quiz_us_server_schema.rb": [
        null,
        null,
        1,
        null,
        null,
        1,
        0,
        null,
        null,
        1,
        0,
        null,
        null,
        null,
        null,
        1,
        1,
        null
      ],
      "/Users/joshualing/Documents/projects/quiz-us-server/app/graphql/types/query_type.rb": [
        null,
        null,
        null,
        null,
        1,
        1,
        null,
        1,
        1,
        1,
        1,
        1,
        1,
        1,
        1,
        1,
        1,
        1,
        1,
        1,
        1,
        1,
        1,
        1,
        1,
        1,
        null,
        null,
        1,
        1,
        1,
        1,
        null,
        null
      ],
      "/Users/joshualing/Documents/projects/quiz-us-server/app/graphql/types/base_object.rb": [
        1,
        1,
        null,
        null
      ],
      "/Users/joshualing/Documents/projects/quiz-us-server/app/graphql/queries/assignment_results.rb": [
        null,
        null,
        1,
        1,
        1,
        1,
        null,
        1,
        null,
        1,
        null,
        1,
        null,
        0,
        0,
        null,
        null,
        null,
        0,
        null,
        0,
        null,
        null,
        0,
        0,
        0,
        null,
        null,
        null,
        null,
        0,
        null,
        null,
        null,
        null,
        null,
        null,
        0,
        0,
        null,
        0,
        null,
        null,
        null
      ],
      "/Users/joshualing/Documents/projects/quiz-us-server/app/graphql/queries/base_query.rb": [
        null,
        null,
        1,
        1,
        1,
        1,
        null,
        null
      ],
      "/Users/joshualing/Documents/projects/quiz-us-server/app/graphql/authenticable.rb": [
        null,
        null,
        1,
        null,
        1,
        1,
        null,
        1,
        2,
        5,
        null,
        4,
        null,
        null,
        2,
        null,
        null,
        null,
        null,
        3,
        null,
        null,
        2,
        1,
        null,
        null,
        2,
        0,
        null,
        null,
        null
      ],
      "/Users/joshualing/Documents/projects/quiz-us-server/app/graphql/types/assignment_result_type.rb": [
        null,
        null,
        1,
        1,
        1,
        1,
        1,
        null,
        null
      ],
      "/Users/joshualing/Documents/projects/quiz-us-server/app/graphql/queries/deck_show.rb": [
        null,
        null,
        1,
        1,
        1,
        1,
        null,
        1,
        null,
        1,
        null,
        1,
        0,
        null,
        null,
        null
      ],
      "/Users/joshualing/Documents/projects/quiz-us-server/app/graphql/types/deck_type.rb": [
        null,
        null,
        1,
        1,
        1,
        1,
        1,
        1,
        1,
        1,
        null,
        null
      ],
      "/Users/joshualing/Documents/projects/quiz-us-server/app/graphql/types/decks_question_type.rb": [
        null,
        null,
        1,
        1,
        1,
        1,
        1,
        1,
        null,
        null
      ],
      "/Users/joshualing/Documents/projects/quiz-us-server/app/graphql/types/date_time_type.rb": [
        null,
        null,
        1,
        1,
        1,
        4,
        null,
        null,
        1,
        0,
        null,
        null,
        null
      ],
      "/Users/joshualing/Documents/projects/quiz-us-server/app/graphql/types/base_scalar.rb": [
        1,
        1,
        null,
        null
      ],
      "/Users/joshualing/Documents/projects/quiz-us-server/app/graphql/types/question_type.rb": [
        null,
        null,
        1,
        1,
        1,
        1,
        1,
        1,
        1,
        1,
        1,
        1,
        1,
        null,
        null,
        null,
        null
      ],
      "/Users/joshualing/Documents/projects/quiz-us-server/app/graphql/types/standard_type.rb": [
        null,
        null,
        1,
        1,
        1,
        1,
        1,
        1,
        1,
        null,
        null,
        null,
        null,
        null,
        null,
        null,
        null,
        null,
        null,
        null,
        null,
        null,
        null
      ],
      "/Users/joshualing/Documents/projects/quiz-us-server/app/graphql/types/tag_type.rb": [
        1,
        1,
        1,
        1,
        1,
        null,
        null
      ],
      "/Users/joshualing/Documents/projects/quiz-us-server/app/graphql/types/tagging_type.rb": [
        1,
        1,
        1,
        1,
        1,
        1,
        null,
        null
      ],
      "/Users/joshualing/Documents/projects/quiz-us-server/app/graphql/types/question_option_type.rb": [
        1,
        1,
        1,
        1,
        1,
        1,
        1,
        1,
        1,
        null,
        null
      ],
      "/Users/joshualing/Documents/projects/quiz-us-server/app/graphql/queries/deck_index.rb": [
        null,
        null,
        1,
        1,
        1,
        null,
        1,
        null,
        1,
        0,
        null,
        null,
        null
      ],
      "/Users/joshualing/Documents/projects/quiz-us-server/app/graphql/queries/period_show.rb": [
        null,
        null,
        1,
        1,
        1,
        null,
        1,
        1,
        null,
        1,
        0,
        0,
        null,
        null,
        null
      ],
      "/Users/joshualing/Documents/projects/quiz-us-server/app/graphql/types/period_type.rb": [
        null,
        null,
        1,
        1,
        1,
        1,
        1,
        null,
        null
      ],
      "/Users/joshualing/Documents/projects/quiz-us-server/app/graphql/queries/period_assignment_index.rb": [
        null,
        null,
        1,
        1,
        1,
        null,
        1,
        1,
        null,
        1,
        0,
        null,
        null,
        null
      ],
      "/Users/joshualing/Documents/projects/quiz-us-server/app/graphql/types/assignment_type.rb": [
        null,
        null,
        1,
        1,
        1,
        1,
        1,
        1,
        1,
        1,
        1,
        1,
        1,
        null,
        null
      ],
      "/Users/joshualing/Documents/projects/quiz-us-server/app/graphql/types/response_type.rb": [
        null,
        null,
        1,
        1,
        1,
        1,
        1,
        1,
        1,
        1,
        1,
        1,
        null,
        null
      ],
      "/Users/joshualing/Documents/projects/quiz-us-server/app/graphql/queries/period_standards_mastery.rb": [
        null,
        null,
        1,
        1,
        1,
        1,
        null,
        1,
        null,
        1,
        null,
        1,
        null,
        0,
        0,
        0,
        0,
        null,
        0,
        null,
        null,
        null,
        null,
        null,
        0,
        0,
        null,
        null,
        0,
        0,
        null,
        0,
        0,
        0,
        null,
        0,
        0,
        null,
        0,
        null,
        null,
        0,
        0,
        null,
        null,
        0,
        0,
        null,
        0,
        null,
        null,
        null
      ],
      "/Users/joshualing/Documents/projects/quiz-us-server/app/graphql/types/period_standards_mastery_type.rb": [
        null,
        null,
        1,
        1,
        1,
        1,
        1,
        null,
        null
      ],
      "/Users/joshualing/Documents/projects/quiz-us-server/app/graphql/queries/period_index.rb": [
        null,
        null,
        1,
        1,
        1,
        null,
        1,
        null,
        1,
        0,
        null,
        null,
        null
      ],
      "/Users/joshualing/Documents/projects/quiz-us-server/app/graphql/queries/question_show.rb": [
        null,
        null,
        1,
        1,
        1,
        null,
        1,
        null,
        1,
        null,
        1,
        0,
        null,
        null,
        null,
        null,
        null,
        null,
        null,
        null,
        null,
        null,
        null,
        null,
        null,
        null,
        null,
        null,
        null,
        null,
        null
      ],
      "/Users/joshualing/Documents/projects/quiz-us-server/app/graphql/queries/question_search.rb": [
        null,
        null,
        1,
        1,
        null,
        1,
        1,
        null,
        1,
        null,
        1,
        null,
        1,
        null,
        1,
        null,
        1,
        null,
        null,
        0,
        null,
        null,
        1,
        0,
        0,
        null,
        null,
        null,
        null,
        1,
        0,
        null,
        null,
        null
      ],
      "/Users/joshualing/Documents/projects/quiz-us-server/app/graphql/queries/standards_chart_index.rb": [
        null,
        null,
        1,
        1,
        1,
        null,
        1,
        null,
        1,
        0,
        0,
        null,
        null,
        null,
        null,
        null,
        null,
        null,
        null,
        null,
        null,
        null
      ],
      "/Users/joshualing/Documents/projects/quiz-us-server/app/graphql/types/standards_chart_type.rb": [
        1,
        1,
        1,
        1,
        1,
        null,
        null
      ],
      "/Users/joshualing/Documents/projects/quiz-us-server/app/graphql/queries/tag_show.rb": [
        1,
        1,
        1,
        null,
        1,
        null,
        1,
        null,
        1,
        0,
        null,
        null,
        null,
        null,
        null,
        null,
        null,
        null,
        null,
        null,
        null,
        null
      ],
      "/Users/joshualing/Documents/projects/quiz-us-server/app/graphql/queries/tagging_show.rb": [
        1,
        1,
        1,
        null,
        1,
        null,
        1,
        null,
        1,
        0,
        null,
        null,
        null,
        null,
        null,
        null,
        null,
        null,
        null,
        null,
        null,
        null
      ],
      "/Users/joshualing/Documents/projects/quiz-us-server/app/graphql/queries/standard_show.rb": [
        1,
        1,
        1,
        null,
        1,
        null,
        1,
        null,
        1,
        0,
        null,
        null,
        null
      ],
      "/Users/joshualing/Documents/projects/quiz-us-server/app/graphql/queries/standard_index.rb": [
        null,
        null,
        1,
        1,
        1,
        null,
        1,
        null,
        1,
        0,
        null,
        null,
        null
      ],
      "/Users/joshualing/Documents/projects/quiz-us-server/app/graphql/queries/question_option_show.rb": [
        1,
        1,
        1,
        null,
        1,
        null,
        1,
        null,
        1,
        0,
        null,
        null,
        null,
        null,
        null,
        null,
        null,
        null,
        null,
        null,
        null,
        null,
        null,
        null
      ],
      "/Users/joshualing/Documents/projects/quiz-us-server/app/graphql/queries/student_index.rb": [
        null,
        null,
        1,
        1,
        1,
        null,
        1,
        null,
        1,
        null,
        1,
        0,
        0,
        null,
        null,
        null
      ],
      "/Users/joshualing/Documents/projects/quiz-us-server/app/graphql/types/student_type.rb": [
        null,
        null,
        1,
        1,
        1,
        1,
        1,
        1,
        1,
        1,
        null,
        null
      ],
      "/Users/joshualing/Documents/projects/quiz-us-server/app/graphql/queries/tag_index.rb": [
        1,
        1,
        1,
        null,
        1,
        null,
        1,
        0,
        null,
        null,
        null,
        null,
        null,
        null,
        null,
        null,
        null,
        null,
        null,
        null
      ],
      "/Users/joshualing/Documents/projects/quiz-us-server/app/graphql/queries/tag_search.rb": [
        1,
        1,
        1,
        null,
        1,
        null,
        1,
        null,
        1,
        0,
        null,
        null,
        null,
        null,
        null,
        null,
        null,
        null,
        null,
        null
      ],
      "/Users/joshualing/Documents/projects/quiz-us-server/app/graphql/queries/assignment_show.rb": [
        null,
        null,
        1,
        1,
        1,
        1,
        null,
        1,
        null,
        1,
        null,
        1,
        0,
        null,
        null,
        null
      ],
      "/Users/joshualing/Documents/projects/quiz-us-server/app/graphql/queries/students/current_student.rb": [
        null,
        null,
        1,
        1,
        1,
        1,
        1,
        null,
        1,
        null,
        1,
        0,
        null,
        0,
        null,
        null,
        null,
        null
      ],
      "/Users/joshualing/Documents/projects/quiz-us-server/app/graphql/queries/students/assignment_show.rb": [
        null,
        null,
        1,
        1,
        1,
        1,
        1,
        null,
        1,
        1,
        null,
        1,
        null,
        1,
        null,
        0,
        null,
        0,
        null,
        null,
        null,
        null,
        null,
        null,
        null,
        null,
        null,
        null,
        null
      ],
      "/Users/joshualing/Documents/projects/quiz-us-server/app/graphql/queries/students/personal_assignment.rb": [
        null,
        null,
        1,
        1,
        1,
        1,
        null,
        1,
        null,
        1,
        0,
        null,
        null,
        0,
        null,
        null,
        null,
        null,
        null,
        null,
        null,
        0,
        null,
        null,
        null,
        null,
        null,
        0,
        0,
        null,
        0,
        0,
        0,
        null,
        0,
        0,
        null,
        0,
        null,
        0,
        null,
        null,
        null,
        0,
        0,
        0,
        0,
        0,
        0,
        0,
        null,
        0,
        null,
        null,
        0,
        null,
        null,
        null,
        null,
        null,
        0,
        null,
        null,
        null,
        null,
        null,
        null,
        null
      ],
      "/Users/joshualing/Documents/projects/quiz-us-server/app/graphql/queries/students/assignment_index.rb": [
        null,
        null,
        1,
        1,
        1,
        1,
        null,
        1,
        null,
        1,
        0,
        null,
        0,
        null,
        null,
        null,
        null,
        null,
        null,
        null,
        null,
        null,
        null,
        null,
        null,
        null
      ],
      "/Users/joshualing/Documents/projects/quiz-us-server/app/graphql/types/mutation_type.rb": [
        null,
        null,
        1,
        1,
        null,
        1,
        1,
        1,
        1,
        1,
        1,
        1,
        1,
        1,
        1,
        1,
        1,
        1,
        1,
        null,
        null,
        null,
        null,
        null,
        null,
        null,
        null
      ],
      "/Users/joshualing/Documents/projects/quiz-us-server/app/graphql/mutations/teachers/create_assignments.rb": [
        null,
        null,
        1,
        1,
        1,
        1,
        1,
        null,
        null,
        1,
        1,
        1,
        1,
        null,
        null,
        1,
        null,
        1,
        1,
        null,
        1,
        1,
        null,
        null,
        null,
        null,
        null,
        null,
        1,
        null,
        null,
        null,
        null
      ],
      "/Users/joshualing/Documents/projects/quiz-us-server/app/graphql/mutations/teachers/teacher_mutation.rb": [
        null,
        null,
        1,
        1,
        1,
        1,
        5,
        null,
        null,
        null,
        null
      ],
      "/Users/joshualing/Documents/projects/quiz-us-server/app/graphql/mutations/base_mutation.rb": [
        1,
        null,
        1,
        1,
        null,
        1,
        null,
        null
      ],
      "/Users/joshualing/Documents/projects/quiz-us-server/app/graphql/mutations/teachers/create_deck.rb": [
        null,
        null,
        1,
        1,
        1,
        1,
        1,
        null,
        null,
        1,
        1,
        1,
        null,
        null,
        1,
        null,
        1,
        0,
        null,
        null,
        null,
        0,
        0,
        null,
        0,
        null,
        null,
        null,
        null
      ],
      "/Users/joshualing/Documents/projects/quiz-us-server/app/graphql/mutations/teachers/create_login_link.rb": [
        null,
        null,
        1,
        1,
        1,
        1,
        1,
        null,
        null,
        1,
        null,
        null,
        1,
        null,
        1,
        0,
        0,
        0,
        null,
        0,
        null,
        0,
        null,
        0,
        null,
        0,
        null,
        null,
        null,
        null,
        null,
        null,
        null,
        null,
        null,
        null,
        null
      ],
      "/Users/joshualing/Documents/projects/quiz-us-server/app/graphql/mutations/teachers/create_period.rb": [
        null,
        null,
        1,
        1,
        1,
        1,
        1,
        null,
        1,
        null,
        null,
        1,
        null,
        1,
        1,
        1,
        null,
        null,
        null,
        null
      ],
      "/Users/joshualing/Documents/projects/quiz-us-server/app/graphql/mutations/teachers/create_question.rb": [
        null,
        null,
        1,
        1,
        1,
        1,
        1,
        null,
        null,
        1,
        1,
        1,
        1,
        1,
        1,
        null,
        null,
        1,
        null,
        1,
        0,
        null,
        null,
        null,
        null,
        null,
        null,
        null,
        null,
        null,
        null,
        null,
        null,
        null,
        null,
        null,
        null,
        null,
        null,
        null,
        null,
        null,
        null,
        null,
        null,
        null,
        null,
        null,
        null,
        null,
        null,
        null,
        null,
        null,
        null,
        null,
        null,
        null,
        null,
        null,
        null,
        null,
        null,
        null,
        null,
        null,
        null,
        null,
        null,
        null,
        null,
        null,
        null,
        null,
        null,
        null,
        null,
        null
      ],
      "/Users/joshualing/Documents/projects/quiz-us-server/app/graphql/mutations/teachers/delete_deck.rb": [
        null,
        null,
        1,
        1,
        1,
        1,
        1,
        null,
        null,
        1,
        null,
        null,
        1,
        null,
        1,
        0,
        0,
        null,
        0,
        null,
        null,
        null,
        null
      ],
      "/Users/joshualing/Documents/projects/quiz-us-server/app/graphql/mutations/teachers/delete_period.rb": [
        null,
        null,
        1,
        1,
        1,
        1,
        1,
        null,
        1,
        null,
        null,
        1,
        null,
        1,
        1,
        null,
        null,
        null,
        null
      ],
      "/Users/joshualing/Documents/projects/quiz-us-server/app/graphql/mutations/teachers/edit_period.rb": [
        null,
        null,
        1,
        1,
        1,
        1,
        1,
        null,
        1,
        1,
        null,
        null,
        1,
        null,
        1,
        1,
        1,
        1,
        null,
        null,
        null,
        null
      ],
      "/Users/joshualing/Documents/projects/quiz-us-server/app/graphql/mutations/teachers/edit_standards_chart.rb": [
        null,
        1,
        1,
        1,
        1,
        1,
        null,
        null,
        1,
        1,
        null,
        null,
        1,
        null,
        1,
        0,
        0,
        null,
        null,
        0,
        null,
        null,
        null,
        null,
        null,
        null,
        null,
        null,
        null,
        null,
        null,
        null
      ],
      "/Users/joshualing/Documents/projects/quiz-us-server/app/graphql/mutations/teachers/enroll_student.rb": [
        null,
        null,
        1,
        1,
        1,
        1,
        1,
        null,
        1,
        1,
        1,
        1,
        null,
        1,
        null,
        1,
        0,
        0,
        0,
        null,
        null,
        null,
        null,
        null,
        null,
        0,
        null,
        null,
        null,
        null,
        0,
        0,
        null,
        null,
        null,
        0,
        null,
        null,
        null,
        null
      ],
      "/Users/joshualing/Documents/projects/quiz-us-server/app/graphql/mutations/teachers/log_in_teacher.rb": [
        null,
        null,
        1,
        1,
        null,
        null,
        1,
        1,
        1,
        null,
        null,
        1,
        1,
        null,
        null,
        1,
        null,
        1,
        0,
        0,
        null,
        0,
        0,
        null,
        0,
        null,
        null,
        1,
        0,
        null,
        null,
        null,
        null,
        null,
        null
      ],
      "/Users/joshualing/Documents/projects/quiz-us-server/app/graphql/types/teacher_type.rb": [
        1,
        1,
        1,
        1,
        1,
        null,
        null
      ],
      "/Users/joshualing/Documents/projects/quiz-us-server/app/graphql/mutations/teachers/sign_up_teacher.rb": [
        null,
        null,
        1,
        1,
        null,
        null,
        1,
        1,
        1,
        null,
        null,
        1,
        1,
        null,
        null,
        1,
        null,
        1,
        0,
        null,
        null,
        null,
        null,
        null,
        null,
        null
      ],
      "/Users/joshualing/Documents/projects/quiz-us-server/app/graphql/mutations/teachers/update_deck.rb": [
        null,
        null,
        1,
        1,
        1,
        1,
        1,
        null,
        null,
        1,
        1,
        1,
        1,
        null,
        null,
        1,
        null,
        1,
        0,
        0,
        null,
        null,
        null,
        null,
        0,
        0,
        0,
        null,
        0,
        0,
        null,
        0,
        0,
        null,
        null,
        0,
        null,
        null,
        null,
        null
      ],
      "/Users/joshualing/Documents/projects/quiz-us-server/app/graphql/mutations/teachers/delete_question.rb": [
        null,
        null,
        1,
        1,
        1,
        1,
        1,
        null,
        null,
        1,
        null,
        null,
        1,
        null,
        1,
        0,
        0,
        null,
        0,
        null,
        null,
        null,
        null
      ],
      "/Users/joshualing/Documents/projects/quiz-us-server/app/models/response.rb": [
        null,
        null,
        null,
        null,
        null,
        null,
        null,
        null,
        null,
        null,
        null,
        null,
        null,
        null,
        null,
        null,
        1,
        1,
        1,
        1,
        1,
        1,
        null
      ],
      "/Users/joshualing/Documents/projects/quiz-us-server/app/models/questions_standard.rb": [
        null,
        null,
        null,
        null,
        null,
        null,
        null,
        null,
        null,
        null,
        null,
        1,
        1,
        null,
        null,
        null,
        1,
        null,
        null,
        null,
        1,
        null
      ],
      "/Users/joshualing/Documents/projects/quiz-us-server/app/models/question.rb": [
        null,
        null,
        null,
        null,
        null,
        null,
        null,
        null,
        null,
        null,
        null,
        null,
        null,
        null,
        1,
        1,
        null,
        1,
        null,
        null,
        null,
        1,
        1,
        null,
        null,
        null,
        1,
        null,
        null,
        null,
        null,
        null,
        1,
        null,
        null,
        null,
        1,
        null,
        null,
        null,
        null,
        null,
        1,
        null,
        1,
        null
      ],
      "/Users/joshualing/Documents/projects/quiz-us-server/app/models/tag.rb": [
        null,
        null,
        null,
        null,
        null,
        null,
        null,
        null,
        null,
        null,
        null,
        null,
        1,
        1,
        null,
        1,
        1,
        null,
        null,
        null
      ],
      "/Users/joshualing/Documents/projects/quiz-us-server/app/models/tagging.rb": [
        null,
        null,
        null,
        null,
        null,
        null,
        null,
        null,
        null,
        null,
        null,
        1,
        1,
        1,
        1,
        null
      ],
      "/Users/joshualing/Documents/projects/quiz-us-server/app/models/question_option.rb": [
        null,
        null,
        null,
        null,
        null,
        null,
        null,
        null,
        null,
        null,
        null,
        null,
        null,
        1,
        1,
        null
      ]
    },
    "timestamp": 1571764920
  }
}
